<?xml version="1.0" encoding="UTF-8" standalone="no"?>
<testsuite errors="0" failures="1" name="io.cucumber.core.plugin.JUnitFormatter" skipped="0" tests="12" time="128.975">
    <testcase classname="F01_Registration | New user could register" name="new user could register with valid data" time="7.032">
        <system-out><![CDATA[Given new user launch registration page.....................................passed
And new user fills registration form with valid data........................passed
When new user can register..................................................passed
Then a success message is displayed.........................................passed
And user logs out after registering.........................................passed
]]></system-out>
    </testcase>
    <testcase classname="F02_Login | User could use login functionality to open his account" name="user could login with valid email and password" time="7.19">
        <system-out><![CDATA[Given user navigates to login page..........................................passed
When user can login with valid email and valid password.....................passed
Then user could login successfully..........................................passed
And logged user logs out....................................................passed
]]></system-out>
    </testcase>
    <testcase classname="F03_ResetPassword | User could reset his password" name="user reset his password successfully" time="11.108">
        <system-out><![CDATA[Given user navigates to login page..........................................passed
Given user clicks on forgot password........................................passed
When user enters his valid email address....................................passed
And user clicks on recover button...........................................passed
Then user got a Displayed Message...........................................passed
And user could close the Notification Bar...................................passed
]]></system-out>
    </testcase>
    <testcase classname="F04_Search | Logged user could search for any product on the website" name="Logged user could search by product name" time="4.604">
        <system-out><![CDATA[Given user navigates to login page..........................................passed
And user can login with valid email and valid password......................passed
When logged user clicks on search field.....................................passed
And logged user searches with name of product...............................passed
Then logged user could find relative results................................passed
]]></system-out>
    </testcase>
    <testcase classname="F05_SwitchCurrency | Logged user could switch between currencies" name="Logged user could switch currency" time="7.888">
        <system-out><![CDATA[Given user selects a product................................................passed
When user changes the currency..............................................passed
Then user could find the selected currency..................................passed
]]></system-out>
    </testcase>
    <testcase classname="F06_Categories | Logged user could select different Categories" name="Logged user could select random category then hover and open sub-Category" time="6.903">
        <system-out><![CDATA[Given logged user can select Random Category................................passed
Then logged user could hover and open sub-Category..........................passed
]]></system-out>
    </testcase>
    <testcase classname="F07_FilterColor | Logged user could filter with color" name="Logged user could filter product with color" time="4.259">
        <system-out><![CDATA[Given logged user selects Category and hover to open sub-Category...........passed
When logged user can filter sub-Category with color.........................passed
Then logged user could find product with the selected color.................passed
]]></system-out>
    </testcase>
    <testcase classname="F08_SelectTags | Logged user could select different tags" name="Logged user could select different tags" time="5.188">
        <system-out><![CDATA[Given logged user can select a popular tag..................................passed
When logged user finds products.............................................passed
Then logged user could select a different tag...............................passed
And logged user finds another different products............................passed
]]></system-out>
    </testcase>
    <testcase classname="F09_CompareList | Logged user could add different products to Compare list" name="Logged user could add different products to Compare list" time="16.209">
        <system-out><![CDATA[Given logged user can add First Product to Compare list.....................passed
And logged user can add Second Product to Compare list......................passed
And logged user can add Third Product to Compare list.......................passed
When logged user navigates to Compare products list.........................passed
Then logged user could compare between the selected products................passed
And logged user can clear a product from list...............................passed
And logged user deletes all the list........................................passed
]]></system-out>
    </testcase>
    <testcase classname="F10_Wishlist | Logged user could add different products to Wishlist" name="Logged user could add different products to Wishlist" time="10.397">
        <system-out><![CDATA[Given logged user selects his favorite product..............................passed
When logged user adds a product to the Wishlist.............................passed
And logged user adds another product to the Wishlist........................passed
Then logged user navigates to his Wishlist page.............................passed
]]></system-out>
    </testcase>
    <testcase classname="F11_ShoppingCart | Logged user could add different products to Shopping Cart" name="Logged user could add different products to Shopping Cart" time="2.32">
        <system-out><![CDATA[Given logged user checks all his Wishlist products..........................passed
Then logged user could add his Wishlist products to Shopping Cart...........passed
]]></system-out>
    </testcase>
    <testcase classname="F12_OrderCheckout | Logged user could Create Successful Order" name="Logged user could Create Successful Order" time="29.527">
        <failure message="Expected condition failed: waiting for text ('CONFIRM') to be present in element found by By.cssSelector: button[onclick=&quot;ConfirmOrder.save()&quot;] (tried for 15 second(s) with 500 milliseconds interval)&#10;Build info: version: '4.1.2', revision: '9a5a329c5a'&#10;System info: host: 'DESKTOP-CJN4NCE', ip: '192.168.56.1', os.name: 'Windows 10', os.arch: 'amd64', os.version: '10.0', java.version: '17.0.2'&#10;Driver info: org.openqa.selenium.chrome.ChromeDriver&#10;Capabilities {acceptInsecureCerts: false, browserName: chrome, browserVersion: 101.0.4951.54, chrome: {chromedriverVersion: 101.0.4951.41 (93c720db8323..., userDataDir: C:\Users\amr42\AppData\Loca...}, goog:chromeOptions: {debuggerAddress: localhost:58187}, javascriptEnabled: true, networkConnectionEnabled: false, pageLoadStrategy: normal, platform: WINDOWS, platformName: WINDOWS, proxy: Proxy(), se:cdp: ws://localhost:58187/devtoo..., se:cdpVersion: 101.0.4951.54, setWindowRect: true, strictFileInteractability: false, timeouts: {implicit: 0, pageLoad: 300000, script: 30000}, unhandledPromptBehavior: dismiss and notify, webauthn:extension:credBlob: true, webauthn:extension:largeBlob: true, webauthn:virtualAuthenticators: true}&#10;Session ID: ea084a2c2071815c272958865e6d096b" type="org.openqa.selenium.TimeoutException"><![CDATA[Given logged user agrees with terms and proceed to Checkout.................passed
When logged user fills out Billing address to Create Order..................passed
And logged user confirms Billing address....................................passed
And logged user selects Shipping Method to Continue.........................passed
And logged user selects Payment Method to Continue..........................passed
When logged user fills out Payment Information..............................failed
Then logged user could confirm his order....................................skipped
And logged user can check order details.....................................skipped
And logged user could save invoice..........................................skipped
And logged user could print invoice.........................................skipped

StackTrace:
org.openqa.selenium.TimeoutException: Expected condition failed: waiting for text ('CONFIRM') to be present in element found by By.cssSelector: button[onclick="ConfirmOrder.save()"] (tried for 15 second(s) with 500 milliseconds interval)
Build info: version: '4.1.2', revision: '9a5a329c5a'
System info: host: 'DESKTOP-CJN4NCE', ip: '192.168.56.1', os.name: 'Windows 10', os.arch: 'amd64', os.version: '10.0', java.version: '17.0.2'
Driver info: org.openqa.selenium.chrome.ChromeDriver
Capabilities {acceptInsecureCerts: false, browserName: chrome, browserVersion: 101.0.4951.54, chrome: {chromedriverVersion: 101.0.4951.41 (93c720db8323..., userDataDir: C:\Users\amr42\AppData\Loca...}, goog:chromeOptions: {debuggerAddress: localhost:58187}, javascriptEnabled: true, networkConnectionEnabled: false, pageLoadStrategy: normal, platform: WINDOWS, platformName: WINDOWS, proxy: Proxy(), se:cdp: ws://localhost:58187/devtoo..., se:cdpVersion: 101.0.4951.54, setWindowRect: true, strictFileInteractability: false, timeouts: {implicit: 0, pageLoad: 300000, script: 30000}, unhandledPromptBehavior: dismiss and notify, webauthn:extension:credBlob: true, webauthn:extension:largeBlob: true, webauthn:virtualAuthenticators: true}
Session ID: ea084a2c2071815c272958865e6d096b
	at org.openqa.selenium.support.ui.WebDriverWait.timeoutException(WebDriverWait.java:138)
	at org.openqa.selenium.support.ui.FluentWait.until(FluentWait.java:231)
	at Pages.P12_OrderCheckPageElements.checkoutPayDataEle(P12_OrderCheckPageElements.java:169)
	at step_definitions.C12_OrderCheckoutStepDefinitions.Fill_out_Payment_Information(C12_OrderCheckoutStepDefinitions.java:73)
	at âœ½.logged user fills out Payment Information(file:///C:/Users/amr42/Downloads/my%20proj/src/main/resources/features/F12_OrderCheckout.feature:10)
]]></failure>
    </testcase>
</testsuite>
